<?xml version="1.0" encoding="UTF-8"?>
<testng-results skipped="0" failed="1" ignored="0" total="3" passed="2">
  <reporter-output>
  </reporter-output>
  <suite name="Default suite" duration-ms="20822" started-at="2020-07-05T22:11:06Z" finished-at="2020-07-05T22:11:27Z">
    <groups>
    </groups>
    <test name="Default test" duration-ms="20822" started-at="2020-07-05T22:11:06Z" finished-at="2020-07-05T22:11:27Z">
      <class name="com.w2a.testcases.BaseSuite">
        <test-method status="PASS" signature="beforeSuiteHelper()[pri:0, instance:com.w2a.testcases.BaseSuite@2d8f65a4]" name="beforeSuiteHelper" is-config="true" duration-ms="99" started-at="2020-07-05T22:11:06Z" finished-at="2020-07-05T22:11:06Z">
          <reporter-output>
          </reporter-output>
        </test-method> <!-- beforeSuiteHelper -->
        <test-method status="PASS" signature="beforeTestHelper()[pri:0, instance:com.w2a.testcases.BaseSuite@2d8f65a4]" name="beforeTestHelper" is-config="true" duration-ms="6835" started-at="2020-07-05T22:11:06Z" finished-at="2020-07-05T22:11:13Z">
          <reporter-output>
          </reporter-output>
        </test-method> <!-- beforeTestHelper -->
        <test-method status="PASS" signature="beforeClassHelper()[pri:0, instance:com.w2a.testcases.BaseSuite@2d8f65a4]" name="beforeClassHelper" is-config="true" duration-ms="4" started-at="2020-07-05T22:11:13Z" finished-at="2020-07-05T22:11:13Z">
          <reporter-output>
          </reporter-output>
        </test-method> <!-- beforeClassHelper -->
        <test-method status="PASS" signature="beforeMethodHelper()[pri:0, instance:com.w2a.testcases.BaseSuite@2d8f65a4]" name="beforeMethodHelper" is-config="true" duration-ms="1" started-at="2020-07-05T22:11:13Z" finished-at="2020-07-05T22:11:13Z">
          <reporter-output>
          </reporter-output>
        </test-method> <!-- beforeMethodHelper -->
        <test-method status="PASS" signature="loginTest()[pri:0, instance:com.w2a.testcases.BaseSuite@2d8f65a4]" name="loginTest" duration-ms="9441" started-at="2020-07-05T22:11:13Z" finished-at="2020-07-05T22:11:22Z">
          <reporter-output>
          </reporter-output>
        </test-method> <!-- loginTest -->
        <test-method status="PASS" signature="afterMethodHelper(org.testng.ITestResult)[pri:0, instance:com.w2a.testcases.BaseSuite@2d8f65a4]" name="afterMethodHelper" is-config="true" duration-ms="577" started-at="2020-07-05T22:11:22Z" finished-at="2020-07-05T22:11:23Z">
          <params>
            <param index="0">
              <value>
                <![CDATA[[TestResult name=loginTest status=SUCCESS method=BaseSuite.loginTest()[pri:0, instance:com.w2a.testcases.BaseSuite@2d8f65a4] output={null}]]]>
              </value>
            </param>
          </params>
          <reporter-output>
          </reporter-output>
        </test-method> <!-- afterMethodHelper -->
        <test-method status="PASS" signature="beforeMethodHelper()[pri:0, instance:com.w2a.testcases.BaseSuite@2d8f65a4]" name="beforeMethodHelper" is-config="true" duration-ms="0" started-at="2020-07-05T22:11:23Z" finished-at="2020-07-05T22:11:23Z">
          <reporter-output>
          </reporter-output>
        </test-method> <!-- beforeMethodHelper -->
        <test-method status="FAIL" signature="dummyTest()[pri:1, instance:com.w2a.testcases.BaseSuite@2d8f65a4]" name="dummyTest" duration-ms="2" started-at="2020-07-05T22:11:23Z" finished-at="2020-07-05T22:11:23Z">
          <exception class="java.lang.AssertionError">
            <message>
              <![CDATA[null]]>
            </message>
            <full-stacktrace>
              <![CDATA[java.lang.AssertionError: null
at org.testng.Assert.fail(Assert.java:96)
at org.testng.Assert.fail(Assert.java:103)
at com.w2a.testcases.DummyTest.ExtentReportTest(DummyTest.java:18)
at com.w2a.testcases.BaseSuite.dummyTest(BaseSuite.java:123)
at sun.reflect.NativeMethodAccessorImpl.invoke0(Native Method)
at sun.reflect.NativeMethodAccessorImpl.invoke(NativeMethodAccessorImpl.java:62)
at sun.reflect.DelegatingMethodAccessorImpl.invoke(DelegatingMethodAccessorImpl.java:43)
at java.lang.reflect.Method.invoke(Method.java:498)
at org.testng.internal.MethodInvocationHelper.invokeMethod(MethodInvocationHelper.java:124)
at org.testng.internal.Invoker.invokeMethod(Invoker.java:583)
at org.testng.internal.Invoker.invokeTestMethod(Invoker.java:719)
at org.testng.internal.Invoker.invokeTestMethods(Invoker.java:989)
at org.testng.internal.TestMethodWorker.invokeTestMethods(TestMethodWorker.java:125)
at org.testng.internal.TestMethodWorker.run(TestMethodWorker.java:109)
at org.testng.TestRunner.privateRun(TestRunner.java:648)
at org.testng.TestRunner.run(TestRunner.java:505)
at org.testng.SuiteRunner.runTest(SuiteRunner.java:455)
at org.testng.SuiteRunner.runSequentially(SuiteRunner.java:450)
at org.testng.SuiteRunner.privateRun(SuiteRunner.java:415)
at org.testng.SuiteRunner.run(SuiteRunner.java:364)
at org.testng.SuiteRunnerWorker.runSuite(SuiteRunnerWorker.java:52)
at org.testng.SuiteRunnerWorker.run(SuiteRunnerWorker.java:84)
at org.testng.TestNG.runSuitesSequentially(TestNG.java:1208)
at org.testng.TestNG.runSuitesLocally(TestNG.java:1137)
at org.testng.TestNG.runSuites(TestNG.java:1049)
at org.testng.TestNG.run(TestNG.java:1017)
at org.testng.remote.AbstractRemoteTestNG.run(AbstractRemoteTestNG.java:114)
at org.testng.remote.RemoteTestNG.initAndRun(RemoteTestNG.java:251)
at org.testng.remote.RemoteTestNG.main(RemoteTestNG.java:77)
]]>
            </full-stacktrace>
          </exception> <!-- java.lang.AssertionError -->
          <reporter-output>
          </reporter-output>
        </test-method> <!-- dummyTest -->
        <test-method status="PASS" signature="afterMethodHelper(org.testng.ITestResult)[pri:0, instance:com.w2a.testcases.BaseSuite@2d8f65a4]" name="afterMethodHelper" is-config="true" duration-ms="395" started-at="2020-07-05T22:11:23Z" finished-at="2020-07-05T22:11:23Z">
          <params>
            <param index="0">
              <value>
                <![CDATA[[TestResult name=dummyTest status=FAILURE method=BaseSuite.dummyTest()[pri:1, instance:com.w2a.testcases.BaseSuite@2d8f65a4] output={null}]]]>
              </value>
            </param>
          </params>
          <reporter-output>
          </reporter-output>
        </test-method> <!-- afterMethodHelper -->
        <test-method status="PASS" signature="beforeMethodHelper()[pri:0, instance:com.w2a.testcases.BaseSuite@2d8f65a4]" name="beforeMethodHelper" is-config="true" duration-ms="1" started-at="2020-07-05T22:11:23Z" finished-at="2020-07-05T22:11:23Z">
          <reporter-output>
          </reporter-output>
        </test-method> <!-- beforeMethodHelper -->
        <test-method status="PASS" signature="bankManagerOpenAccTest()[pri:2, instance:com.w2a.testcases.BaseSuite@2d8f65a4]" name="bankManagerOpenAccTest" duration-ms="2417" started-at="2020-07-05T22:11:23Z" finished-at="2020-07-05T22:11:26Z">
          <reporter-output>
          </reporter-output>
        </test-method> <!-- bankManagerOpenAccTest -->
        <test-method status="PASS" signature="afterMethodHelper(org.testng.ITestResult)[pri:0, instance:com.w2a.testcases.BaseSuite@2d8f65a4]" name="afterMethodHelper" is-config="true" duration-ms="464" started-at="2020-07-05T22:11:26Z" finished-at="2020-07-05T22:11:26Z">
          <params>
            <param index="0">
              <value>
                <![CDATA[[TestResult name=bankManagerOpenAccTest status=SUCCESS method=BaseSuite.bankManagerOpenAccTest()[pri:2, instance:com.w2a.testcases.BaseSuite@2d8f65a4] output={null}]]]>
              </value>
            </param>
          </params>
          <reporter-output>
          </reporter-output>
        </test-method> <!-- afterMethodHelper -->
        <test-method status="PASS" signature="afterTestHelper()[pri:0, instance:com.w2a.testcases.BaseSuite@2d8f65a4]" name="afterTestHelper" is-config="true" duration-ms="627" started-at="2020-07-05T22:11:26Z" finished-at="2020-07-05T22:11:27Z">
          <reporter-output>
          </reporter-output>
        </test-method> <!-- afterTestHelper -->
        <test-method status="PASS" signature="afterSuiteHelper()[pri:0, instance:com.w2a.testcases.BaseSuite@2d8f65a4]" name="afterSuiteHelper" is-config="true" duration-ms="207" started-at="2020-07-05T22:11:27Z" finished-at="2020-07-05T22:11:27Z">
          <reporter-output>
          </reporter-output>
        </test-method> <!-- afterSuiteHelper -->
      </class> <!-- com.w2a.testcases.BaseSuite -->
    </test> <!-- Default test -->
  </suite> <!-- Default suite -->
</testng-results>
